---------------------------------------
Begin Slurm Prolog: Apr-12-2025 23:08:00
Job ID:    2448898
User ID:   smanasreh6
Account:   coc
Job name:  run.sbatch
Partition: coc-cpu
QOS:       coc-ice
---------------------------------------
rm -f *.o
mpicxx main_2d_par.cpp -o main_2d_par.o
mkdir: cannot create directory ‘2dp’: File exists

Due to MODULEPATH changes, the following have been reloaded:
  1) boost/1.86.0-atomic     3) hwloc/2.4.1     5) mpfr/4.2.0
  2) gmp/6.2.1               4) mpc/1.3.1       6) zlib/1.2.13

The following have been reloaded with a version change:
  1) xz/5.4.6 => xz/5.2.5-y72uqzs     2) zlib-ng/2.2.1 => zlib-ng/2.2.1-rn5xtrt

--------------------------------------------------------------------------
An ORTE daemon has unexpectedly failed after launch and before
communicating back to mpirun. This could be caused by a number
of factors, including an inability to create a connection back
to mpirun due to a lack of common network interfaces and/or no
route found between them. Please check network connectivity
(including firewalls and network routing requirements).
--------------------------------------------------------------------------
---------------------------------------
Begin Slurm Epilog: Apr-12-2025 23:08:07
Job ID:        2448898
User ID:       smanasreh6
Account:       coc
Job name:      run.sbatch
Resources:     cpu=64,mem=256G,node=64
Rsrc Used:     cput=00:06:24,vmem=0,walltime=00:00:06,mem=163872K,energy_used=0
Partition:     coc-cpu
QOS:           coc-ice
Nodes:         atl1-1-01-005-1-[1-2],atl1-1-01-005-2-[1-2],atl1-1-01-005-3-[1-2],atl1-1-01-005-4-[1-2],atl1-1-02-003-19-[1-2],atl1-1-02-003-20-1,atl1-1-02-004-15-2,atl1-1-02-010-1-[1-2],atl1-1-02-010-2-[1-2],atl1-1-02-010-3-[1-2],atl1-1-02-010-4-[1-2],atl1-1-02-010-5-[1-2],atl1-1-02-010-6-[1-2],atl1-1-02-010-7-[1-2],atl1-1-02-010-8-1,atl1-1-02-012-5-[1-2],atl1-1-02-012-6-[1-2],atl1-1-02-012-7-[1-2],atl1-1-02-012-8-[1-2],atl1-1-02-012-9-[1-2],atl1-1-02-012-10-[1-2],atl1-1-02-012-11-1,atl1-1-03-003-16-[1-2],atl1-1-03-004-5-[1-2],atl1-1-03-007-19-[1-2],atl1-1-03-007-20-[1-2],atl1-1-03-007-21-[1-2],atl1-1-03-007-22-[1-2],atl1-1-03-007-23-[1-2],atl1-1-03-007-24-[1-2],atl1-1-03-007-25-[1-2],atl1-1-03-007-26-[1-2],atl1-1-03-007-27-[1-2],atl1-1-03-007-28-[1-2]
---------------------------------------
