---------------------------------------
Begin Slurm Prolog: Apr-30-2025 16:27:50
Job ID:    2549310
User ID:   smanasreh6
Account:   coc
Job name:  run.sbatch
Partition: coc-cpu
QOS:       coc-ice
---------------------------------------

Due to MODULEPATH changes, the following have been reloaded:
  1) boost/1.86.0-atomic     3) hwloc/2.4.1     5) mpfr/4.2.0
  2) gmp/6.2.1               4) mpc/1.3.1       6) zlib/1.2.13

The following have been reloaded with a version change:
  1) xz/5.4.6 => xz/5.2.5-y72uqzs     2) zlib-ng/2.2.1 => zlib-ng/2.2.1-rn5xtrt

rm -f *.o
mpicxx -fopenmp main_2d_par.cpp -o main_2d_par.o
rank 3 convergence at step 4583
dt too large. setting it to max_dt: 0.000250, dx: 0.010000, dy: 0.010000, min_h: 0.010000, alpha: 0.100000
rank 0 convergence at step 4583
total time: 1.673540
rank 2 convergence at step 4583
rank 1 convergence at step 4583
---------------------------------------
Begin Slurm Epilog: Apr-30-2025 16:27:56
Job ID:        2549310
User ID:       smanasreh6
Account:       coc
Job name:      run.sbatch
Resources:     cpu=32,mem=128G,node=4
Rsrc Used:     cput=00:02:40,vmem=0,walltime=00:00:05,mem=160480K,energy_used=0
Partition:     coc-cpu
QOS:           coc-ice
Nodes:         atl1-1-01-005-2-[1-2],atl1-1-01-005-3-[1-2]
---------------------------------------
